<?xml version="1.0" encoding="UTF-8" ?>
<testsuite tests="36" failures="1" name="TestSuite" time="25.013" errors="0" skipped="35">
  <properties>
    <property name="java.runtime.name" value="Java(TM) SE Runtime Environment"/>
    <property name="sun.boot.library.path" value="C:\Program Files\Java\jdk1.8.0_162\jre\bin"/>
    <property name="java.vm.version" value="25.162-b12"/>
    <property name="java.vm.vendor" value="Oracle Corporation"/>
    <property name="maven.multiModuleProjectDirectory" value="D:\Maven\MavenPractise\MavenProject"/>
    <property name="java.vendor.url" value="http://java.oracle.com/"/>
    <property name="path.separator" value=";"/>
    <property name="guice.disable.misplaced.annotation.check" value="true"/>
    <property name="java.vm.name" value="Java HotSpot(TM) 64-Bit Server VM"/>
    <property name="file.encoding.pkg" value="sun.io"/>
    <property name="user.script" value=""/>
    <property name="user.country" value="US"/>
    <property name="sun.java.launcher" value="SUN_STANDARD"/>
    <property name="sun.os.patch.level" value=""/>
    <property name="java.vm.specification.name" value="Java Virtual Machine Specification"/>
    <property name="user.dir" value="D:\Maven\MavenPractise\MavenProject"/>
    <property name="java.runtime.version" value="1.8.0_162-b12"/>
    <property name="java.awt.graphicsenv" value="sun.awt.Win32GraphicsEnvironment"/>
    <property name="java.endorsed.dirs" value="C:\Program Files\Java\jdk1.8.0_162\jre\lib\endorsed"/>
    <property name="os.arch" value="amd64"/>
    <property name="java.io.tmpdir" value="C:\Users\lenovo\AppData\Local\Temp\"/>
    <property name="line.separator" value="
"/>
    <property name="java.vm.specification.vendor" value="Oracle Corporation"/>
    <property name="user.variant" value=""/>
    <property name="os.name" value="Windows 10"/>
    <property name="classworlds.conf" value="C:\Selenium\apache-maven-3.6.2\bin\..\bin\m2.conf"/>
    <property name="sun.jnu.encoding" value="Cp1252"/>
    <property name="java.library.path" value="C:\Program Files\Java\jdk1.8.0_162\bin;C:\WINDOWS\Sun\Java\bin;C:\WINDOWS\system32;C:\WINDOWS;F:\oracle\product\10.2.0\db_1\bin;C:\Program Files\Java\jdk1.8.0_162\bin;C:\WINDOWS\system32;C:\WINDOWS;C:\WINDOWS\System32\Wbem;C:\WINDOWS\System32\WindowsPowerShell\v1.0\;C:\WINDOWS\System32\OpenSSH\;C:\Program Files\Microsoft SQL Server\110\Tools\Binn\;C:\Selenium\apache-maven-3.6.2\bin;C:\Users\lenovo\AppData\Local\Microsoft\WindowsApps;."/>
    <property name="maven.conf" value="C:\Selenium\apache-maven-3.6.2\bin\../conf"/>
    <property name="java.specification.name" value="Java Platform API Specification"/>
    <property name="java.class.version" value="52.0"/>
    <property name="sun.management.compiler" value="HotSpot 64-Bit Tiered Compilers"/>
    <property name="os.version" value="10.0"/>
    <property name="library.jansi.path" value="C:\Selenium\apache-maven-3.6.2\bin\..\lib\jansi-native"/>
    <property name="user.home" value="C:\Users\lenovo"/>
    <property name="user.timezone" value="Asia/Calcutta"/>
    <property name="java.awt.printerjob" value="sun.awt.windows.WPrinterJob"/>
    <property name="java.specification.version" value="1.8"/>
    <property name="file.encoding" value="Cp1252"/>
    <property name="user.name" value="lenovo"/>
    <property name="java.class.path" value="C:\Selenium\apache-maven-3.6.2\bin\..\boot\plexus-classworlds-2.6.0.jar"/>
    <property name="java.vm.specification.version" value="1.8"/>
    <property name="sun.arch.data.model" value="64"/>
    <property name="java.home" value="C:\Program Files\Java\jdk1.8.0_162\jre"/>
    <property name="sun.java.command" value="org.codehaus.plexus.classworlds.launcher.Launcher test"/>
    <property name="java.specification.vendor" value="Oracle Corporation"/>
    <property name="user.language" value="en"/>
    <property name="awt.toolkit" value="sun.awt.windows.WToolkit"/>
    <property name="java.vm.info" value="mixed mode"/>
    <property name="java.version" value="1.8.0_162"/>
    <property name="java.ext.dirs" value="C:\Program Files\Java\jdk1.8.0_162\jre\lib\ext;C:\WINDOWS\Sun\Java\lib\ext"/>
    <property name="sun.boot.class.path" value="C:\Program Files\Java\jdk1.8.0_162\jre\lib\resources.jar;C:\Program Files\Java\jdk1.8.0_162\jre\lib\rt.jar;C:\Program Files\Java\jdk1.8.0_162\jre\lib\sunrsasign.jar;C:\Program Files\Java\jdk1.8.0_162\jre\lib\jsse.jar;C:\Program Files\Java\jdk1.8.0_162\jre\lib\jce.jar;C:\Program Files\Java\jdk1.8.0_162\jre\lib\charsets.jar;C:\Program Files\Java\jdk1.8.0_162\jre\lib\jfr.jar;C:\Program Files\Java\jdk1.8.0_162\jre\classes"/>
    <property name="sun.stderr.encoding" value="cp437"/>
    <property name="java.vendor" value="Oracle Corporation"/>
    <property name="maven.home" value="C:\Selenium\apache-maven-3.6.2\bin\.."/>
    <property name="file.separator" value="\"/>
    <property name="java.vendor.url.bug" value="http://bugreport.sun.com/bugreport/"/>
    <property name="sun.cpu.endian" value="little"/>
    <property name="sun.io.unicode.encoding" value="UnicodeLittle"/>
    <property name="sun.stdout.encoding" value="cp437"/>
    <property name="sun.desktop" value="windows"/>
    <property name="sun.cpu.isalist" value="amd64"/>
  </properties>
  <testcase classname="com.vTiger.CreateOrganizationTest.CreateDuplicateOrganizationTest" name="getBrowser" time="0.66">
    <failure message="The path to the driver executable must be set by the webdriver.chrome.driver system property; for more information, see https://github.com/SeleniumHQ/selenium/wiki/ChromeDriver. The latest version can be downloaded from http://chromedriver.storage.googleapis.com/index.html" type="java.lang.IllegalStateException">java.lang.IllegalStateException: The path to the driver executable must be set by the webdriver.chrome.driver system property; for more information, see https://github.com/SeleniumHQ/selenium/wiki/ChromeDriver. The latest version can be downloaded from http://chromedriver.storage.googleapis.com/index.html
	at com.google.common.base.Preconditions.checkState(Preconditions.java:847)
	at org.openqa.selenium.remote.service.DriverService.findExecutable(DriverService.java:134)
	at org.openqa.selenium.chrome.ChromeDriverService.access$000(ChromeDriverService.java:35)
	at org.openqa.selenium.chrome.ChromeDriverService$Builder.findDefaultExecutable(ChromeDriverService.java:159)
	at org.openqa.selenium.remote.service.DriverService$Builder.build(DriverService.java:355)
	at org.openqa.selenium.chrome.ChromeDriverService.createDefaultService(ChromeDriverService.java:94)
	at org.openqa.selenium.chrome.ChromeDriver.&lt;init&gt;(ChromeDriver.java:123)
	at com.vTiger.genericLib.BaseClass.getBrowser(BaseClass.java:37)
	at sun.reflect.NativeMethodAccessorImpl.invoke0(Native Method)
	at sun.reflect.NativeMethodAccessorImpl.invoke(NativeMethodAccessorImpl.java:62)
	at sun.reflect.DelegatingMethodAccessorImpl.invoke(DelegatingMethodAccessorImpl.java:43)
	at java.lang.reflect.Method.invoke(Method.java:498)
	at org.testng.internal.MethodInvocationHelper.invokeMethod(MethodInvocationHelper.java:108)
	at org.testng.internal.Invoker.invokeConfigurationMethod(Invoker.java:523)
	at org.testng.internal.Invoker.invokeConfigurations(Invoker.java:224)
	at org.testng.internal.Invoker.invokeConfigurations(Invoker.java:146)
	at org.testng.internal.TestMethodWorker.invokeBeforeClassMethods(TestMethodWorker.java:166)
	at org.testng.internal.TestMethodWorker.run(TestMethodWorker.java:105)
	at org.testng.TestRunner.privateRun(TestRunner.java:744)
	at org.testng.TestRunner.run(TestRunner.java:602)
	at org.testng.SuiteRunner.runTest(SuiteRunner.java:380)
	at org.testng.SuiteRunner.runSequentially(SuiteRunner.java:375)
	at org.testng.SuiteRunner.privateRun(SuiteRunner.java:340)
	at org.testng.SuiteRunner.run(SuiteRunner.java:289)
	at org.testng.SuiteRunnerWorker.runSuite(SuiteRunnerWorker.java:52)
	at org.testng.SuiteRunnerWorker.run(SuiteRunnerWorker.java:86)
	at org.testng.TestNG.runSuitesSequentially(TestNG.java:1301)
	at org.testng.TestNG.runSuitesLocally(TestNG.java:1226)
	at org.testng.TestNG.runSuites(TestNG.java:1144)
	at org.testng.TestNG.run(TestNG.java:1115)
	at org.apache.maven.surefire.testng.TestNGExecutor.run(TestNGExecutor.java:77)
	at org.apache.maven.surefire.testng.TestNGDirectoryTestSuite.executeMulti(TestNGDirectoryTestSuite.java:159)
	at org.apache.maven.surefire.testng.TestNGDirectoryTestSuite.execute(TestNGDirectoryTestSuite.java:99)
	at org.apache.maven.surefire.testng.TestNGProvider.invoke(TestNGProvider.java:106)
	at sun.reflect.NativeMethodAccessorImpl.invoke0(Native Method)
	at sun.reflect.NativeMethodAccessorImpl.invoke(NativeMethodAccessorImpl.java:62)
	at sun.reflect.DelegatingMethodAccessorImpl.invoke(DelegatingMethodAccessorImpl.java:43)
	at java.lang.reflect.Method.invoke(Method.java:498)
	at org.apache.maven.surefire.util.ReflectionUtils.invokeMethodWithArray(ReflectionUtils.java:189)
	at org.apache.maven.surefire.booter.ProviderFactory$ProviderProxy.invoke(ProviderFactory.java:165)
	at org.apache.maven.surefire.booter.ProviderFactory.invokeProvider(ProviderFactory.java:85)
	at org.apache.maven.surefire.booter.ForkedBooter.runSuitesInProcess(ForkedBooter.java:115)
	at org.apache.maven.surefire.booter.ForkedBooter.main(ForkedBooter.java:75)
</failure>
    <system-out>Configuring TestNG with: org.apache.maven.surefire.testng.conf.TestNG652Configurator@5679c6c6
Launching the Browser
</system-out>
  </testcase>
  <testcase classname="com.vTiger.CreateOrganizationTest.CreateDuplicateOrganizationTest" name="LoginTest" time="0.686">
    <skipped/>
  </testcase>
  <testcase classname="com.vTiger.CreateOrganizationTest.CreateDuplicateOrganizationTest" name="cretaeDuplicate_OrgTest" time="0.687">
    <skipped/>
  </testcase>
  <testcase classname="com.vTiger.CreateOrganizationTest.CreateDuplicateOrganizationTest" name="closeBrowser" time="0.687">
    <skipped/>
  </testcase>
  <testcase classname="com.vTiger.CreateOrganizationTest.CreateDuplicateOrganizationUsingQuickCreateTest" name="getBrowser" time="0.689">
    <skipped/>
  </testcase>
  <testcase classname="com.vTiger.CreateOrganizationTest.CreateDuplicateOrganizationUsingQuickCreateTest" name="LoginTest" time="0.689">
    <skipped/>
  </testcase>
  <testcase classname="com.vTiger.CreateOrganizationTest.CreateDuplicateOrganizationUsingQuickCreateTest" name="qc_Duplicate_Organization" time="0.689">
    <skipped/>
  </testcase>
  <testcase classname="com.vTiger.CreateOrganizationTest.CreateDuplicateOrganizationUsingQuickCreateTest" name="closeBrowser" time="0.689">
    <skipped/>
  </testcase>
  <testcase classname="com.vTiger.CreateOrganizationTest.CreateInvalidOrganizationTest" name="getBrowser" time="0.689">
    <skipped/>
  </testcase>
  <testcase classname="com.vTiger.CreateOrganizationTest.CreateInvalidOrganizationTest" name="LoginTest" time="0.689">
    <skipped/>
  </testcase>
  <testcase classname="com.vTiger.CreateOrganizationTest.CreateInvalidOrganizationTest" name="create_Invalid_OrganizationTest" time="0.689">
    <skipped/>
  </testcase>
  <testcase classname="com.vTiger.CreateOrganizationTest.CreateInvalidOrganizationTest" name="closeBrowser" time="0.689">
    <skipped/>
  </testcase>
  <testcase classname="com.vTiger.CreateOrganizationTest.CreateOrganizationAssignToGroupTest" name="getBrowser" time="0.689">
    <skipped/>
  </testcase>
  <testcase classname="com.vTiger.CreateOrganizationTest.CreateOrganizationAssignToGroupTest" name="LoginTest" time="0.689">
    <skipped/>
  </testcase>
  <testcase classname="com.vTiger.CreateOrganizationTest.CreateOrganizationAssignToGroupTest" name="assignTOGroupTest" time="0.689">
    <skipped/>
  </testcase>
  <testcase classname="com.vTiger.CreateOrganizationTest.CreateOrganizationAssignToGroupTest" name="closeBrowser" time="0.689">
    <skipped/>
  </testcase>
  <testcase classname="com.vTiger.CreateOrganizationTest.CreateOrganizationAssignToUserTest" name="getBrowser" time="0.689">
    <skipped/>
  </testcase>
  <testcase classname="com.vTiger.CreateOrganizationTest.CreateOrganizationAssignToUserTest" name="LoginTest" time="0.689">
    <skipped/>
  </testcase>
  <testcase classname="com.vTiger.CreateOrganizationTest.CreateOrganizationAssignToUserTest" name="assignUser" time="0.689">
    <skipped/>
  </testcase>
  <testcase classname="com.vTiger.CreateOrganizationTest.CreateOrganizationAssignToUserTest" name="closeBrowser" time="0.689">
    <skipped/>
  </testcase>
  <testcase classname="com.vTiger.CreateOrganizationTest.CreateOrganizationTest" name="getBrowser" time="0.689">
    <skipped/>
  </testcase>
  <testcase classname="com.vTiger.CreateOrganizationTest.CreateOrganizationTest" name="LoginTest" time="0.689">
    <skipped/>
  </testcase>
  <testcase classname="com.vTiger.CreateOrganizationTest.CreateOrganizationTest" name="createOrganization" time="0.706">
    <skipped/>
  </testcase>
  <testcase classname="com.vTiger.CreateOrganizationTest.CreateOrganizationTest" name="closeBrowser" time="0.706">
    <skipped/>
  </testcase>
  <testcase classname="com.vTiger.CreateOrganizationTest.CreateOrganizationUsingQuickCreateAndAssignToGroupTest" name="getBrowser" time="0.706">
    <skipped/>
  </testcase>
  <testcase classname="com.vTiger.CreateOrganizationTest.CreateOrganizationUsingQuickCreateAndAssignToGroupTest" name="LoginTest" time="0.706">
    <skipped/>
  </testcase>
  <testcase classname="com.vTiger.CreateOrganizationTest.CreateOrganizationUsingQuickCreateAndAssignToGroupTest" name="qc_GroupAssign" time="0.706">
    <skipped/>
  </testcase>
  <testcase classname="com.vTiger.CreateOrganizationTest.CreateOrganizationUsingQuickCreateAndAssignToGroupTest" name="closeBrowser" time="0.706">
    <skipped/>
  </testcase>
  <testcase classname="com.vTiger.CreateOrganizationTest.CreateOrganization_Assign_IndustryTest" name="getBrowser" time="0.706">
    <skipped/>
  </testcase>
  <testcase classname="com.vTiger.CreateOrganizationTest.CreateOrganization_Assign_IndustryTest" name="LoginTest" time="0.707">
    <skipped/>
  </testcase>
  <testcase classname="com.vTiger.CreateOrganizationTest.CreateOrganization_Assign_IndustryTest" name="assignIndustryTest" time="0.707">
    <skipped/>
  </testcase>
  <testcase classname="com.vTiger.CreateOrganizationTest.CreateOrganization_Assign_IndustryTest" name="closeBrowser" time="0.707">
    <skipped/>
  </testcase>
  <testcase classname="com.vTiger.CreateOrganizationTest.CreateOrganization_Assign_MemberOfTest" name="getBrowser" time="0.707">
    <skipped/>
  </testcase>
  <testcase classname="com.vTiger.CreateOrganizationTest.CreateOrganization_Assign_MemberOfTest" name="LoginTest" time="0.707">
    <skipped/>
  </testcase>
  <testcase classname="com.vTiger.CreateOrganizationTest.CreateOrganization_Assign_MemberOfTest" name="assignMember" time="0.707">
    <skipped/>
  </testcase>
  <testcase classname="com.vTiger.CreateOrganizationTest.CreateOrganization_Assign_MemberOfTest" name="closeBrowser" time="0.707">
    <skipped/>
  </testcase>
</testsuite>